<?xml version="1.0" encoding="UTF-8"?>
<!-- Generated by org.testng.reporters.JUnitReportReporter -->
<testsuite hostname="LTIN485892" failures="0" tests="1" name="CAS_project.a" time="28.625" errors="0" timestamp="2024-03-29T18:33:14 IST" skipped="0">
  <testcase classname="CAS_project.a" name="run" time="28.625"/>
</testsuite> <!-- CAS_project.a -->
